<?xml version="1.0" encoding="UTF-8"?>
<!-- Generated by org.testng.reporters.JUnitXMLReporter -->
<testsuite ignored="0" hostname="LAPTOP-DLFNDHGP" failures="0" tests="2" name="Test" time="1.116" errors="0" timestamp="2022-11-22T16:14:27 IST">
  <testcase classname="KhanAcademy.CrossB" name="@BeforeMethod beforemethod" time="0.001">
    <failure type="java.lang.NullPointerException" message="Cannot invoke &amp;quot;org.openqa.selenium.SearchContext.findElement(org.openqa.selenium.By)&amp;quot; because &amp;quot;this.searchContext&amp;quot; is null">
      <![CDATA[java.lang.NullPointerException: Cannot invoke "org.openqa.selenium.SearchContext.findElement(org.openqa.selenium.By)" because "this.searchContext" is null
at org.openqa.selenium.support.pagefactory.DefaultElementLocator.findElement(DefaultElementLocator.java:69)
at org.openqa.selenium.support.pagefactory.internal.LocatingElementHandler.invoke(LocatingElementHandler.java:38)
at jdk.proxy2/jdk.proxy2.$Proxy17.click(Unknown Source)
at khanbaba.login.linkennn(login.java:37)
at KhanAcademy.CrossB.beforemethod(CrossB.java:66)
at java.base/java.util.ArrayList.forEach(ArrayList.java:1511)
... Removed 29 stack frames]]>
    </failure>
  </testcase> <!-- @BeforeMethod beforemethod -->
  <testcase classname="KhanAcademy.CrossB" name="@AfterMethod aftermethod" time="-1.669113867894E9">
    <skipped/>
  </testcase> <!-- @AfterMethod aftermethod -->
  <testcase classname="KhanAcademy.CrossB" name="@BeforeMethod beforemethod" time="-1.669113867896E9">
    <skipped/>
  </testcase> <!-- @BeforeMethod beforemethod -->
  <testcase classname="KhanAcademy.CrossB" name="@AfterMethod aftermethod" time="-1.6691138679E9">
    <skipped/>
  </testcase> <!-- @AfterMethod aftermethod -->
  <testcase classname="KhanAcademy.CrossB" name="@AfterClass afterclass" time="-1.669113867901E9">
    <skipped/>
  </testcase> <!-- @AfterClass afterclass -->
  <testcase classname="KhanAcademy.CrossB" name="@AfterTest afterTest" time="-1.669113867904E9">
    <skipped/>
  </testcase> <!-- @AfterTest afterTest -->
  <testcase classname="KhanAcademy.CrossB" name="test1" time="0.0">
    <skipped/>
  </testcase> <!-- test1 -->
  <testcase classname="KhanAcademy.CrossB" name="test2" time="0.0">
    <skipped/>
  </testcase> <!-- test2 -->
</testsuite> <!-- Test -->
